{"/Users/marcosavastio/Repos/shop-product/src/api/fakestoreApi.ts": {"path":"/Users/marcosavastio/Repos/shop-product/src/api/fakestoreApi.ts","statementMap":{"0":{"start":{"line":1,"column":30},"end":{"line":16,"column":1}},"1":{"start":{"line":2,"column":2},"end":{"line":15,"column":3}},"2":{"start":{"line":3,"column":21},"end":{"line":3,"column":69}},"3":{"start":{"line":4,"column":4},"end":{"line":6,"column":5}},"4":{"start":{"line":5,"column":6},"end":{"line":5,"column":53}},"5":{"start":{"line":7,"column":17},"end":{"line":7,"column":38}},"6":{"start":{"line":8,"column":4},"end":{"line":8,"column":16}},"7":{"start":{"line":10,"column":4},"end":{"line":14,"column":5}},"8":{"start":{"line":11,"column":6},"end":{"line":11,"column":37}},"9":{"start":{"line":13,"column":6},"end":{"line":13,"column":51}}},"fnMap":{"0":{"name":"(anonymous_0)","decl":{"start":{"line":1,"column":30},"end":{"line":1,"column":31}},"loc":{"start":{"line":1,"column":42},"end":{"line":16,"column":1}},"line":1}},"branchMap":{"0":{"loc":{"start":{"line":4,"column":4},"end":{"line":6,"column":5}},"type":"if","locations":[{"start":{"line":4,"column":4},"end":{"line":6,"column":5}},{"start":{},"end":{}}],"line":4},"1":{"loc":{"start":{"line":10,"column":4},"end":{"line":14,"column":5}},"type":"if","locations":[{"start":{"line":10,"column":4},"end":{"line":14,"column":5}},{"start":{"line":12,"column":11},"end":{"line":14,"column":5}}],"line":10}},"s":{"0":1,"1":0,"2":0,"3":0,"4":0,"5":0,"6":0,"7":0,"8":0,"9":0},"f":{"0":0},"b":{"0":[0,0],"1":[0,0]},"_coverageSchema":"1a1c01bbd47fc00a2c39e90264f33305004495a9","hash":"bd061f25cdb52847ef27292ab149cf1b0ed66783"}
,"/Users/marcosavastio/Repos/shop-product/src/assets/icons/bag-2.tsx": {"path":"/Users/marcosavastio/Repos/shop-product/src/assets/icons/bag-2.tsx","statementMap":{"0":{"start":{"line":9,"column":37},"end":{"line":38,"column":1}},"1":{"start":{"line":14,"column":2},"end":{"line":37,"column":8}}},"fnMap":{"0":{"name":"(anonymous_0)","decl":{"start":{"line":9,"column":37},"end":{"line":9,"column":38}},"loc":{"start":{"line":14,"column":2},"end":{"line":37,"column":8}},"line":14}},"branchMap":{"0":{"loc":{"start":{"line":10,"column":2},"end":{"line":10,"column":12}},"type":"default-arg","locations":[{"start":{"line":10,"column":10},"end":{"line":10,"column":12}}],"line":10},"1":{"loc":{"start":{"line":11,"column":2},"end":{"line":11,"column":13}},"type":"default-arg","locations":[{"start":{"line":11,"column":11},"end":{"line":11,"column":13}}],"line":11},"2":{"loc":{"start":{"line":12,"column":2},"end":{"line":12,"column":17}},"type":"default-arg","locations":[{"start":{"line":12,"column":10},"end":{"line":12,"column":17}}],"line":12}},"s":{"0":2,"1":5},"f":{"0":5},"b":{"0":[5],"1":[5],"2":[5]},"_coverageSchema":"1a1c01bbd47fc00a2c39e90264f33305004495a9","hash":"48b349d8fd8bd75794a0811d2fbd6bd93cab4f78"}
,"/Users/marcosavastio/Repos/shop-product/src/assets/styles/screens.ts": {"path":"/Users/marcosavastio/Repos/shop-product/src/assets/styles/screens.ts","statementMap":{"0":{"start":{"line":1,"column":20},"end":{"line":6,"column":1}},"1":{"start":{"line":8,"column":23},"end":{"line":14,"column":1}}},"fnMap":{},"branchMap":{},"s":{"0":2,"1":2},"f":{},"b":{},"_coverageSchema":"1a1c01bbd47fc00a2c39e90264f33305004495a9","hash":"6df16f8a028d95b8cf812f857e16ea19bcaa290b"}
,"/Users/marcosavastio/Repos/shop-product/src/assets/styles/theme.ts": {"path":"/Users/marcosavastio/Repos/shop-product/src/assets/styles/theme.ts","statementMap":{"0":{"start":{"line":1,"column":14},"end":{"line":18,"column":1}}},"fnMap":{},"branchMap":{},"s":{"0":7},"f":{},"b":{},"_coverageSchema":"1a1c01bbd47fc00a2c39e90264f33305004495a9","hash":"f4e69ce676f3715d6872d006f0761c242bd1b7e9"}
,"/Users/marcosavastio/Repos/shop-product/src/components/Button/Button.tsx": {"path":"/Users/marcosavastio/Repos/shop-product/src/components/Button/Button.tsx","statementMap":{"0":{"start":{"line":5,"column":21},"end":{"line":22,"column":1}},"1":{"start":{"line":6,"column":37},"end":{"line":6,"column":57}},"2":{"start":{"line":9,"column":26},"end":{"line":9,"column":52}},"3":{"start":{"line":20,"column":39},"end":{"line":20,"column":73}},"4":{"start":{"line":28,"column":15},"end":{"line":30,"column":1}},"5":{"start":{"line":29,"column":2},"end":{"line":29,"column":60}}},"fnMap":{"0":{"name":"(anonymous_0)","decl":{"start":{"line":6,"column":22},"end":{"line":6,"column":23}},"loc":{"start":{"line":6,"column":37},"end":{"line":6,"column":57}},"line":6},"1":{"name":"(anonymous_1)","decl":{"start":{"line":9,"column":11},"end":{"line":9,"column":12}},"loc":{"start":{"line":9,"column":26},"end":{"line":9,"column":52}},"line":9},"2":{"name":"(anonymous_2)","decl":{"start":{"line":20,"column":24},"end":{"line":20,"column":25}},"loc":{"start":{"line":20,"column":39},"end":{"line":20,"column":73}},"line":20},"3":{"name":"(anonymous_3)","decl":{"start":{"line":28,"column":15},"end":{"line":28,"column":16}},"loc":{"start":{"line":28,"column":56},"end":{"line":30,"column":1}},"line":28}},"branchMap":{},"s":{"0":3,"1":8,"2":8,"3":8,"4":3,"5":8},"f":{"0":8,"1":8,"2":8,"3":8},"b":{},"_coverageSchema":"1a1c01bbd47fc00a2c39e90264f33305004495a9","hash":"ae370e7531a4eb797239003a67453c5d7e19b04b"}
,"/Users/marcosavastio/Repos/shop-product/src/components/Button/index.ts": {"path":"/Users/marcosavastio/Repos/shop-product/src/components/Button/index.ts","statementMap":{},"fnMap":{},"branchMap":{},"s":{},"f":{},"b":{},"_coverageSchema":"1a1c01bbd47fc00a2c39e90264f33305004495a9","hash":"fe84c827e5063470100fe3d7516e6b0d9ea9f31b"}
,"/Users/marcosavastio/Repos/shop-product/src/components/Card/Card.tsx": {"path":"/Users/marcosavastio/Repos/shop-product/src/components/Card/Card.tsx","statementMap":{"0":{"start":{"line":4,"column":19},"end":{"line":10,"column":1}},"1":{"start":{"line":6,"column":37},"end":{"line":6,"column":70}},"2":{"start":{"line":16,"column":13},"end":{"line":18,"column":1}},"3":{"start":{"line":17,"column":2},"end":{"line":17,"column":56}}},"fnMap":{"0":{"name":"(anonymous_0)","decl":{"start":{"line":6,"column":22},"end":{"line":6,"column":23}},"loc":{"start":{"line":6,"column":37},"end":{"line":6,"column":70}},"line":6},"1":{"name":"(anonymous_1)","decl":{"start":{"line":16,"column":13},"end":{"line":16,"column":14}},"loc":{"start":{"line":16,"column":52},"end":{"line":18,"column":1}},"line":16}},"branchMap":{},"s":{"0":3,"1":8,"2":3,"3":8},"f":{"0":8,"1":8},"b":{},"_coverageSchema":"1a1c01bbd47fc00a2c39e90264f33305004495a9","hash":"8082a420f8b766716c564f12a01e72804c89f832"}
,"/Users/marcosavastio/Repos/shop-product/src/components/Card/index.ts": {"path":"/Users/marcosavastio/Repos/shop-product/src/components/Card/index.ts","statementMap":{},"fnMap":{},"branchMap":{},"s":{},"f":{},"b":{},"_coverageSchema":"1a1c01bbd47fc00a2c39e90264f33305004495a9","hash":"7984d05462aab330b76084cc18c72e46d4572445"}
,"/Users/marcosavastio/Repos/shop-product/src/components/Header/Header.tsx": {"path":"/Users/marcosavastio/Repos/shop-product/src/components/Header/Header.tsx","statementMap":{"0":{"start":{"line":4,"column":19},"end":{"line":9,"column":1}},"1":{"start":{"line":11,"column":20},"end":{"line":13,"column":1}},"2":{"start":{"line":15,"column":30},"end":{"line":17,"column":1}},"3":{"start":{"line":19,"column":15},"end":{"line":28,"column":1}},"4":{"start":{"line":20,"column":2},"end":{"line":27,"column":4}}},"fnMap":{"0":{"name":"(anonymous_0)","decl":{"start":{"line":19,"column":15},"end":{"line":19,"column":16}},"loc":{"start":{"line":19,"column":21},"end":{"line":28,"column":1}},"line":19}},"branchMap":{},"s":{"0":2,"1":2,"2":2,"3":2,"4":5},"f":{"0":5},"b":{},"_coverageSchema":"1a1c01bbd47fc00a2c39e90264f33305004495a9","hash":"619328db026657c7ab4dcdc0d74c85e4f1ec293a"}
,"/Users/marcosavastio/Repos/shop-product/src/components/Header/index.ts": {"path":"/Users/marcosavastio/Repos/shop-product/src/components/Header/index.ts","statementMap":{},"fnMap":{},"branchMap":{},"s":{},"f":{},"b":{},"_coverageSchema":"1a1c01bbd47fc00a2c39e90264f33305004495a9","hash":"9a099abac8fc0c884ca5563be4ebf1cab16c187d"}
,"/Users/marcosavastio/Repos/shop-product/src/components/Product/Product.tsx": {"path":"/Users/marcosavastio/Repos/shop-product/src/components/Product/Product.tsx","statementMap":{"0":{"start":{"line":19,"column":22},"end":{"line":21,"column":1}},"1":{"start":{"line":23,"column":27},"end":{"line":32,"column":1}},"2":{"start":{"line":34,"column":19},"end":{"line":39,"column":1}},"3":{"start":{"line":41,"column":20},"end":{"line":58,"column":1}},"4":{"start":{"line":60,"column":21},"end":{"line":62,"column":1}},"5":{"start":{"line":64,"column":20},"end":{"line":67,"column":1}},"6":{"start":{"line":69,"column":21},"end":{"line":73,"column":1}},"7":{"start":{"line":75,"column":40},"end":{"line":98,"column":1}},"8":{"start":{"line":76,"column":2},"end":{"line":97,"column":4}}},"fnMap":{"0":{"name":"(anonymous_0)","decl":{"start":{"line":75,"column":40},"end":{"line":75,"column":41}},"loc":{"start":{"line":75,"column":67},"end":{"line":98,"column":1}},"line":75}},"branchMap":{},"s":{"0":2,"1":2,"2":2,"3":2,"4":2,"5":2,"6":2,"7":2,"8":7},"f":{"0":7},"b":{},"_coverageSchema":"1a1c01bbd47fc00a2c39e90264f33305004495a9","hash":"f2f195abc088b6f3d57c630b1ef0d0c58cd428e9"}
,"/Users/marcosavastio/Repos/shop-product/src/components/Product/index.ts": {"path":"/Users/marcosavastio/Repos/shop-product/src/components/Product/index.ts","statementMap":{},"fnMap":{},"branchMap":{},"s":{},"f":{},"b":{},"_coverageSchema":"1a1c01bbd47fc00a2c39e90264f33305004495a9","hash":"53fa75cfaf13f404e30da4996e5213320419e99f"}
,"/Users/marcosavastio/Repos/shop-product/src/components/Rating/Rating.tsx": {"path":"/Users/marcosavastio/Repos/shop-product/src/components/Rating/Rating.tsx","statementMap":{"0":{"start":{"line":3,"column":19},"end":{"line":5,"column":1}},"1":{"start":{"line":7,"column":21},"end":{"line":13,"column":1}},"2":{"start":{"line":8,"column":26},"end":{"line":8,"column":53}},"3":{"start":{"line":19,"column":15},"end":{"line":26,"column":1}},"4":{"start":{"line":20,"column":2},"end":{"line":25,"column":4}}},"fnMap":{"0":{"name":"(anonymous_0)","decl":{"start":{"line":8,"column":11},"end":{"line":8,"column":12}},"loc":{"start":{"line":8,"column":26},"end":{"line":8,"column":53}},"line":8},"1":{"name":"(anonymous_1)","decl":{"start":{"line":19,"column":15},"end":{"line":19,"column":16}},"loc":{"start":{"line":19,"column":56},"end":{"line":26,"column":1}},"line":19}},"branchMap":{"0":{"loc":{"start":{"line":19,"column":18},"end":{"line":19,"column":26}},"type":"default-arg","locations":[{"start":{"line":19,"column":25},"end":{"line":19,"column":26}}],"line":19}},"s":{"0":3,"1":3,"2":11,"3":3,"4":11},"f":{"0":11,"1":11},"b":{"0":[3]},"_coverageSchema":"1a1c01bbd47fc00a2c39e90264f33305004495a9","hash":"fcdfed86809f5f122be865f86fc1a2b34d6ad96a"}
,"/Users/marcosavastio/Repos/shop-product/src/components/Rating/index.ts": {"path":"/Users/marcosavastio/Repos/shop-product/src/components/Rating/index.ts","statementMap":{},"fnMap":{},"branchMap":{},"s":{},"f":{},"b":{},"_coverageSchema":"1a1c01bbd47fc00a2c39e90264f33305004495a9","hash":"8cb160a989499f536c99884ef96b79de98340497"}
,"/Users/marcosavastio/Repos/shop-product/src/components/ResultsCounter/ResultsCounter.tsx": {"path":"/Users/marcosavastio/Repos/shop-product/src/components/ResultsCounter/ResultsCounter.tsx","statementMap":{"0":{"start":{"line":3,"column":29},"end":{"line":8,"column":1}},"1":{"start":{"line":14,"column":23},"end":{"line":18,"column":1}},"2":{"start":{"line":15,"column":2},"end":{"line":17,"column":4}}},"fnMap":{"0":{"name":"(anonymous_0)","decl":{"start":{"line":14,"column":23},"end":{"line":14,"column":24}},"loc":{"start":{"line":14,"column":69},"end":{"line":18,"column":1}},"line":14}},"branchMap":{},"s":{"0":2,"1":2,"2":4},"f":{"0":4},"b":{},"_coverageSchema":"1a1c01bbd47fc00a2c39e90264f33305004495a9","hash":"9e3f06d0f6b7e1139a19c6a34f1fba68d698f933"}
,"/Users/marcosavastio/Repos/shop-product/src/components/ResultsCounter/index.ts": {"path":"/Users/marcosavastio/Repos/shop-product/src/components/ResultsCounter/index.ts","statementMap":{},"fnMap":{},"branchMap":{},"s":{},"f":{},"b":{},"_coverageSchema":"1a1c01bbd47fc00a2c39e90264f33305004495a9","hash":"12db8004024b86e4088a48f45e14c7cd19cdb283"}
,"/Users/marcosavastio/Repos/shop-product/src/pages/ProductsList/ProductsList.tsx": {"path":"/Users/marcosavastio/Repos/shop-product/src/pages/ProductsList/ProductsList.tsx","statementMap":{"0":{"start":{"line":8,"column":19},"end":{"line":12,"column":1}},"1":{"start":{"line":14,"column":22},"end":{"line":19,"column":1}},"2":{"start":{"line":21,"column":21},"end":{"line":46,"column":1}},"3":{"start":{"line":22,"column":39},"end":{"line":22,"column":55}},"4":{"start":{"line":24,"column":2},"end":{"line":45,"column":4}},"5":{"start":{"line":39,"column":14},"end":{"line":39,"column":60}}},"fnMap":{"0":{"name":"(anonymous_0)","decl":{"start":{"line":21,"column":21},"end":{"line":21,"column":22}},"loc":{"start":{"line":21,"column":27},"end":{"line":46,"column":1}},"line":21},"1":{"name":"(anonymous_1)","decl":{"start":{"line":38,"column":26},"end":{"line":38,"column":27}},"loc":{"start":{"line":39,"column":14},"end":{"line":39,"column":60}},"line":39}},"branchMap":{"0":{"loc":{"start":{"line":28,"column":7},"end":{"line":28,"column":46}},"type":"binary-expr","locations":[{"start":{"line":28,"column":7},"end":{"line":28,"column":12}},{"start":{"line":28,"column":16},"end":{"line":28,"column":46}}],"line":28},"1":{"loc":{"start":{"line":29,"column":7},"end":{"line":33,"column":7}},"type":"binary-expr","locations":[{"start":{"line":29,"column":7},"end":{"line":29,"column":14}},{"start":{"line":30,"column":8},"end":{"line":32,"column":24}}],"line":29},"2":{"loc":{"start":{"line":34,"column":7},"end":{"line":43,"column":7}},"type":"binary-expr","locations":[{"start":{"line":34,"column":7},"end":{"line":34,"column":15}},{"start":{"line":35,"column":8},"end":{"line":42,"column":11}}],"line":34}},"s":{"0":1,"1":1,"2":1,"3":3,"4":3,"5":2},"f":{"0":3,"1":2},"b":{"0":[3,1],"1":[3,1],"2":[3,3]},"_coverageSchema":"1a1c01bbd47fc00a2c39e90264f33305004495a9","hash":"5d5de2b5cc07782e00ea6fe8a35b7f764511b326"}
,"/Users/marcosavastio/Repos/shop-product/src/pages/ProductsList/useProductList.ts": {"path":"/Users/marcosavastio/Repos/shop-product/src/pages/ProductsList/useProductList.ts","statementMap":{"0":{"start":{"line":17,"column":23},"end":{"line":42,"column":1}},"1":{"start":{"line":18,"column":34},"end":{"line":18,"column":57}},"2":{"start":{"line":19,"column":32},"end":{"line":19,"column":55}},"3":{"start":{"line":20,"column":28},"end":{"line":20,"column":57}},"4":{"start":{"line":22,"column":2},"end":{"line":39,"column":9}},"5":{"start":{"line":23,"column":26},"end":{"line":36,"column":5}},"6":{"start":{"line":24,"column":6},"end":{"line":35,"column":7}},"7":{"start":{"line":25,"column":20},"end":{"line":25,"column":42}},"8":{"start":{"line":26,"column":8},"end":{"line":26,"column":25}},"9":{"start":{"line":28,"column":8},"end":{"line":32,"column":9}},"10":{"start":{"line":29,"column":10},"end":{"line":29,"column":34}},"11":{"start":{"line":31,"column":10},"end":{"line":31,"column":34}},"12":{"start":{"line":34,"column":8},"end":{"line":34,"column":26}},"13":{"start":{"line":38,"column":4},"end":{"line":38,"column":20}},"14":{"start":{"line":41,"column":2},"end":{"line":41,"column":38}}},"fnMap":{"0":{"name":"(anonymous_0)","decl":{"start":{"line":17,"column":23},"end":{"line":17,"column":24}},"loc":{"start":{"line":17,"column":29},"end":{"line":42,"column":1}},"line":17},"1":{"name":"(anonymous_1)","decl":{"start":{"line":22,"column":12},"end":{"line":22,"column":13}},"loc":{"start":{"line":22,"column":18},"end":{"line":39,"column":3}},"line":22},"2":{"name":"(anonymous_2)","decl":{"start":{"line":23,"column":26},"end":{"line":23,"column":27}},"loc":{"start":{"line":23,"column":38},"end":{"line":36,"column":5}},"line":23}},"branchMap":{"0":{"loc":{"start":{"line":28,"column":8},"end":{"line":32,"column":9}},"type":"if","locations":[{"start":{"line":28,"column":8},"end":{"line":32,"column":9}},{"start":{"line":30,"column":15},"end":{"line":32,"column":9}}],"line":28}},"s":{"0":1,"1":0,"2":0,"3":0,"4":0,"5":0,"6":0,"7":0,"8":0,"9":0,"10":0,"11":0,"12":0,"13":0,"14":0},"f":{"0":0,"1":0,"2":0},"b":{"0":[0,0]},"_coverageSchema":"1a1c01bbd47fc00a2c39e90264f33305004495a9","hash":"b183ad39f3ea228439cf413cf8bae9b21d6b1ce2"}
}
