TN:
SF:src/api/fakestoreApi.ts
FN:1,(anonymous_0)
FNF:1
FNH:0
FNDA:0,(anonymous_0)
DA:1,1
DA:2,0
DA:3,0
DA:4,0
DA:5,0
DA:7,0
DA:8,0
DA:10,0
DA:11,0
DA:13,0
LF:10
LH:1
BRDA:4,0,0,0
BRDA:4,0,1,0
BRDA:10,1,0,0
BRDA:10,1,1,0
BRF:4
BRH:0
end_of_record
TN:
SF:src/assets/icons/bag-2.tsx
FN:9,(anonymous_0)
FNF:1
FNH:1
FNDA:5,(anonymous_0)
DA:9,2
DA:14,5
LF:2
LH:2
BRDA:10,0,0,5
BRDA:11,1,0,5
BRDA:12,2,0,5
BRF:3
BRH:3
end_of_record
TN:
SF:src/assets/styles/screens.ts
FNF:0
FNH:0
DA:1,2
DA:8,2
LF:2
LH:2
BRF:0
BRH:0
end_of_record
TN:
SF:src/assets/styles/theme.ts
FNF:0
FNH:0
DA:1,7
LF:1
LH:1
BRF:0
BRH:0
end_of_record
TN:
SF:src/components/Button/Button.tsx
FN:6,(anonymous_0)
FN:9,(anonymous_1)
FN:20,(anonymous_2)
FN:28,(anonymous_3)
FNF:4
FNH:4
FNDA:8,(anonymous_0)
FNDA:8,(anonymous_1)
FNDA:8,(anonymous_2)
FNDA:8,(anonymous_3)
DA:5,3
DA:6,8
DA:9,8
DA:20,8
DA:28,3
DA:29,8
LF:6
LH:6
BRF:0
BRH:0
end_of_record
TN:
SF:src/components/Button/index.ts
FNF:0
FNH:0
LF:0
LH:0
BRF:0
BRH:0
end_of_record
TN:
SF:src/components/Card/Card.tsx
FN:6,(anonymous_0)
FN:16,(anonymous_1)
FNF:2
FNH:2
FNDA:8,(anonymous_0)
FNDA:8,(anonymous_1)
DA:4,3
DA:6,8
DA:16,3
DA:17,8
LF:4
LH:4
BRF:0
BRH:0
end_of_record
TN:
SF:src/components/Card/index.ts
FNF:0
FNH:0
LF:0
LH:0
BRF:0
BRH:0
end_of_record
TN:
SF:src/components/Header/Header.tsx
FN:19,(anonymous_0)
FNF:1
FNH:1
FNDA:5,(anonymous_0)
DA:4,2
DA:11,2
DA:15,2
DA:19,2
DA:20,5
LF:5
LH:5
BRF:0
BRH:0
end_of_record
TN:
SF:src/components/Header/index.ts
FNF:0
FNH:0
LF:0
LH:0
BRF:0
BRH:0
end_of_record
TN:
SF:src/components/Product/Product.tsx
FN:75,(anonymous_0)
FNF:1
FNH:1
FNDA:7,(anonymous_0)
DA:19,2
DA:23,2
DA:34,2
DA:41,2
DA:60,2
DA:64,2
DA:69,2
DA:75,2
DA:76,7
LF:9
LH:9
BRF:0
BRH:0
end_of_record
TN:
SF:src/components/Product/index.ts
FNF:0
FNH:0
LF:0
LH:0
BRF:0
BRH:0
end_of_record
TN:
SF:src/components/Rating/Rating.tsx
FN:8,(anonymous_0)
FN:19,(anonymous_1)
FNF:2
FNH:2
FNDA:11,(anonymous_0)
FNDA:11,(anonymous_1)
DA:3,3
DA:7,3
DA:8,11
DA:19,3
DA:20,11
LF:5
LH:5
BRDA:19,0,0,3
BRF:1
BRH:1
end_of_record
TN:
SF:src/components/Rating/index.ts
FNF:0
FNH:0
LF:0
LH:0
BRF:0
BRH:0
end_of_record
TN:
SF:src/components/ResultsCounter/ResultsCounter.tsx
FN:14,(anonymous_0)
FNF:1
FNH:1
FNDA:4,(anonymous_0)
DA:3,2
DA:14,2
DA:15,4
LF:3
LH:3
BRF:0
BRH:0
end_of_record
TN:
SF:src/components/ResultsCounter/index.ts
FNF:0
FNH:0
LF:0
LH:0
BRF:0
BRH:0
end_of_record
TN:
SF:src/pages/ProductsList/ProductsList.tsx
FN:21,(anonymous_0)
FN:38,(anonymous_1)
FNF:2
FNH:2
FNDA:3,(anonymous_0)
FNDA:2,(anonymous_1)
DA:8,1
DA:14,1
DA:21,1
DA:22,3
DA:24,3
DA:39,2
LF:6
LH:6
BRDA:28,0,0,3
BRDA:28,0,1,1
BRDA:29,1,0,3
BRDA:29,1,1,1
BRDA:34,2,0,3
BRDA:34,2,1,3
BRF:6
BRH:6
end_of_record
TN:
SF:src/pages/ProductsList/useProductList.ts
FN:17,(anonymous_0)
FN:22,(anonymous_1)
FN:23,(anonymous_2)
FNF:3
FNH:0
FNDA:0,(anonymous_0)
FNDA:0,(anonymous_1)
FNDA:0,(anonymous_2)
DA:17,1
DA:18,0
DA:19,0
DA:20,0
DA:22,0
DA:23,0
DA:24,0
DA:25,0
DA:26,0
DA:28,0
DA:29,0
DA:31,0
DA:34,0
DA:38,0
DA:41,0
LF:15
LH:1
BRDA:28,0,0,0
BRDA:28,0,1,0
BRF:2
BRH:0
end_of_record
